[0m[[0m[0mdebug[0m] [0m[0m> Exec(run, Some(d63fa04a-40e3-41b7-a7bd-61fd6bd06bb6), Some(CommandSource(console0)))[0m
[0m[[0m[0mdebug[0m] [0m[0mEvaluating tasks: Compile / run[0m
[0m[[0m[0mdebug[0m] [0m[0mRunning task... Cancel: Signal, check cycles: false, forcegc: true[0m
[0m[[0m[0minfo[0m] [0m[0mcompiling 1 Scala source to C:\Users\PC2\Documents\akka-project\target\scala-2.13\classes ...[0m
[0m[[0m[33mwarn[0m] [0m[0m1 deprecation (since 2.6.0); re-run with -deprecation for details[0m
[0m[[0m[33mwarn[0m] [0m[0mone warning found[0m
[0m[[0m[31merror[0m] [0m[0mjava.util.concurrent.TimeoutException: Future timed out after [10 seconds][0m
[0m[[0m[31merror[0m] [0m[0m	at scala.concurrent.impl.Promise$DefaultPromise.tryAwait0(Promise.scala:248)[0m
[0m[[0m[31merror[0m] [0m[0m	at scala.concurrent.impl.Promise$DefaultPromise.result(Promise.scala:261)[0m
[0m[[0m[31merror[0m] [0m[0m	at scala.concurrent.Await$.$anonfun$result$1(package.scala:201)[0m
[0m[[0m[31merror[0m] [0m[0m	at scala.concurrent.Await$$$Lambda$5345/300512179.apply(Unknown Source)[0m
[0m[[0m[31merror[0m] [0m[0m	at scala.concurrent.BlockContext$DefaultBlockContext$.blockOn(BlockContext.scala:62)[0m
[0m[[0m[31merror[0m] [0m[0m	at scala.concurrent.Await$.result(package.scala:124)[0m
[0m[[0m[31merror[0m] [0m[0m	at LogFileAnalyzer$.main(Main.scala:48)[0m
[0m[[0m[31merror[0m] [0m[0m	at LogFileAnalyzer.main(Main.scala)[0m
[0m[[0m[31merror[0m] [0m[0m	at sun.reflect.NativeMethodAccessorImpl.invoke0(Native Method)[0m
[0m[[0m[31merror[0m] [0m[0m	at sun.reflect.NativeMethodAccessorImpl.invoke(Unknown Source)[0m
[0m[[0m[31merror[0m] [0m[0m	at sun.reflect.DelegatingMethodAccessorImpl.invoke(Unknown Source)[0m
[0m[[0m[31merror[0m] [0m[0m	at java.lang.reflect.Method.invoke(Unknown Source)[0m
[0m[[0m[31merror[0m] [0m[0m	at sbt.Run.invokeMain(Run.scala:143)[0m
[0m[[0m[31merror[0m] [0m[0m	at sbt.Run.execute$1(Run.scala:93)[0m
[0m[[0m[31merror[0m] [0m[0m	at sbt.Run.$anonfun$runWithLoader$5(Run.scala:120)[0m
[0m[[0m[31merror[0m] [0m[0m	at sbt.Run$$Lambda$5242/2141673818.apply$mcV$sp(Unknown Source)[0m
[0m[[0m[31merror[0m] [0m[0m	at sbt.Run$.executeSuccess(Run.scala:186)[0m
[0m[[0m[31merror[0m] [0m[0m	at sbt.Run.runWithLoader(Run.scala:120)[0m
[0m[[0m[31merror[0m] [0m[0m	at sbt.Defaults$.$anonfun$bgRunTask$6(Defaults.scala:1980)[0m
[0m[[0m[31merror[0m] [0m[0m	at sbt.Defaults$$$Lambda$5236/1799773893.apply$mcV$sp(Unknown Source)[0m
[0m[[0m[31merror[0m] [0m[0m	at sbt.Defaults$.$anonfun$termWrapper$2(Defaults.scala:1919)[0m
[0m[[0m[31merror[0m] [0m[0m	at sbt.Defaults$$$Lambda$5237/1401672257.apply$mcV$sp(Unknown Source)[0m
[0m[[0m[31merror[0m] [0m[0m	at scala.runtime.java8.JFunction0$mcV$sp.apply(JFunction0$mcV$sp.java:23)[0m
[0m[[0m[31merror[0m] [0m[0m	at scala.util.Try$.apply(Try.scala:213)[0m
[0m[[0m[31merror[0m] [0m[0m	at sbt.internal.BackgroundThreadPool$BackgroundRunnable.run(DefaultBackgroundJobService.scala:369)[0m
[0m[[0m[31merror[0m] [0m[0m	at java.util.concurrent.ThreadPoolExecutor.runWorker(Unknown Source)[0m
[0m[[0m[31merror[0m] [0m[0m	at java.util.concurrent.ThreadPoolExecutor$Worker.run(Unknown Source)[0m
[0m[[0m[31merror[0m] [0m[0m	at java.lang.Thread.run(Unknown Source)[0m
[0m[[0m[31merror[0m] [0m[0m(Compile / [31mrun[0m) java.util.concurrent.TimeoutException: Future timed out after [10 seconds][0m
[0m[[0m[31merror[0m] [0m[0mTotal time: 12 s, completed 20 déc. 2022 01:42:40[0m
[0m[[0m[0mdebug[0m] [0m[0m> Exec(shell, None, None)[0m
